2021-05-13 00:17:23,472 - PREPARED: table zno_opendata from Odata2019File.csv
2021-05-13 00:17:23,472 - POPULATE START: file Odata2019File.csv
2021-05-13 00:17:23,496 - STATUS.TXT EMPTY: collection recreated
2021-05-13 00:17:23,558 - BATCHES INSERTED: 0
2021-05-13 00:17:23,558 - VALUES INSERTED: 0
2021-05-13 00:17:56,947 - BATCHES INSERTED: 1000
2021-05-13 00:17:56,947 - VALUES INSERTED: 50000
2021-05-13 00:18:29,834 - BATCHES INSERTED: 2000
2021-05-13 00:18:29,835 - VALUES INSERTED: 100000
2021-05-13 00:19:02,383 - BATCHES INSERTED: 3000
2021-05-13 00:19:02,383 - VALUES INSERTED: 150000
2021-05-13 00:19:34,528 - BATCHES INSERTED: 4000
2021-05-13 00:19:34,528 - VALUES INSERTED: 200000
2021-05-13 00:20:06,987 - BATCHES INSERTED: 5000
2021-05-13 00:20:06,987 - VALUES INSERTED: 250000
2021-05-13 00:20:39,171 - BATCHES INSERTED: 6000
2021-05-13 00:20:39,172 - VALUES INSERTED: 300000
2021-05-13 00:21:11,901 - BATCHES INSERTED: 7000
2021-05-13 00:21:11,902 - VALUES INSERTED: 350000
2021-05-13 00:21:14,437 - BATCHES INSERTED: 7076
2021-05-13 00:21:14,437 - VALUES INSERTED: 353813
2021-05-13 00:21:14,437 - POPULATE FINISHED: file Odata2019File.csv
2021-05-13 00:21:14,438 - TOTAL TIME SPENT ON Odata2019File.csv: 230.9650 seconds
2021-05-13 00:21:14,439 - POPULATE START: file Odata2020File.csv
2021-05-13 00:21:14,476 - BATCHES INSERTED: 0
2021-05-13 00:21:14,476 - VALUES INSERTED: 0
2021-05-13 00:21:48,056 - BATCHES INSERTED: 1000
2021-05-13 00:21:48,056 - VALUES INSERTED: 50000
2021-05-13 00:22:21,574 - BATCHES INSERTED: 2000
2021-05-13 00:22:21,574 - VALUES INSERTED: 100000
2021-05-13 00:22:54,286 - BATCHES INSERTED: 3000
2021-05-13 00:22:54,286 - VALUES INSERTED: 150000
2021-05-13 00:23:27,072 - BATCHES INSERTED: 4000
2021-05-13 00:23:27,073 - VALUES INSERTED: 200000
2021-05-13 00:23:59,383 - BATCHES INSERTED: 5000
2021-05-13 00:23:59,383 - VALUES INSERTED: 250000
2021-05-13 00:24:31,955 - BATCHES INSERTED: 6000
2021-05-13 00:24:31,956 - VALUES INSERTED: 300000
2021-05-13 00:25:04,391 - BATCHES INSERTED: 7000
2021-05-13 00:25:04,391 - VALUES INSERTED: 350000
2021-05-13 00:25:23,289 - BATCHES INSERTED: 7585
2021-05-13 00:25:23,289 - VALUES INSERTED: 379299
2021-05-13 00:25:23,289 - POPULATE FINISHED: file Odata2020File.csv
2021-05-13 00:25:23,289 - TOTAL TIME SPENT ON Odata2020File.csv: 248.8495 seconds
2021-05-13 00:25:27,467 - SELECTED: avg mark from hist
